{"/Users/brain/work/p-modal/src/core.ts": {"path":"/Users/brain/work/p-modal/src/core.ts","all":false,"statementMap":{"0":{"start":{"line":1,"column":0},"end":{"line":1,"column":36}},"6":{"start":{"line":7,"column":0},"end":{"line":7,"column":34}},"8":{"start":{"line":9,"column":0},"end":{"line":9,"column":7}},"10":{"start":{"line":11,"column":0},"end":{"line":11,"column":48}},"11":{"start":{"line":12,"column":0},"end":{"line":12,"column":35}},"12":{"start":{"line":13,"column":0},"end":{"line":13,"column":18}},"13":{"start":{"line":14,"column":0},"end":{"line":14,"column":18}},"14":{"start":{"line":15,"column":0},"end":{"line":15,"column":49}},"15":{"start":{"line":16,"column":0},"end":{"line":16,"column":33}},"16":{"start":{"line":17,"column":0},"end":{"line":17,"column":32}},"17":{"start":{"line":18,"column":0},"end":{"line":18,"column":30}},"18":{"start":{"line":19,"column":0},"end":{"line":19,"column":8}},"19":{"start":{"line":20,"column":0},"end":{"line":20,"column":6}},"20":{"start":{"line":21,"column":0},"end":{"line":21,"column":4}},"21":{"start":{"line":22,"column":0},"end":{"line":22,"column":16}},"22":{"start":{"line":23,"column":0},"end":{"line":23,"column":1}},"24":{"start":{"line":25,"column":0},"end":{"line":25,"column":49}},"25":{"start":{"line":26,"column":0},"end":{"line":26,"column":11}},"26":{"start":{"line":27,"column":0},"end":{"line":27,"column":28}},"27":{"start":{"line":28,"column":0},"end":{"line":28,"column":95}},"28":{"start":{"line":29,"column":0},"end":{"line":29,"column":67}},"29":{"start":{"line":30,"column":0},"end":{"line":30,"column":16}},"30":{"start":{"line":31,"column":0},"end":{"line":31,"column":15}},"31":{"start":{"line":32,"column":0},"end":{"line":32,"column":8}},"32":{"start":{"line":33,"column":0},"end":{"line":33,"column":4}},"33":{"start":{"line":34,"column":0},"end":{"line":34,"column":2}},"35":{"start":{"line":36,"column":0},"end":{"line":36,"column":41}},"36":{"start":{"line":37,"column":0},"end":{"line":37,"column":39}},"37":{"start":{"line":38,"column":0},"end":{"line":38,"column":33}},"38":{"start":{"line":39,"column":0},"end":{"line":39,"column":31}},"39":{"start":{"line":40,"column":0},"end":{"line":40,"column":39}},"40":{"start":{"line":41,"column":0},"end":{"line":41,"column":5}},"41":{"start":{"line":42,"column":0},"end":{"line":42,"column":3}},"42":{"start":{"line":43,"column":0},"end":{"line":43,"column":1}},"44":{"start":{"line":45,"column":0},"end":{"line":45,"column":38}},"45":{"start":{"line":46,"column":0},"end":{"line":46,"column":32}},"46":{"start":{"line":47,"column":0},"end":{"line":47,"column":1}},"48":{"start":{"line":49,"column":0},"end":{"line":49,"column":82}},"49":{"start":{"line":50,"column":0},"end":{"line":50,"column":46}},"50":{"start":{"line":51,"column":0},"end":{"line":51,"column":41}},"51":{"start":{"line":52,"column":0},"end":{"line":52,"column":35}},"52":{"start":{"line":53,"column":0},"end":{"line":53,"column":25}},"53":{"start":{"line":54,"column":0},"end":{"line":54,"column":5}},"54":{"start":{"line":55,"column":0},"end":{"line":55,"column":47}},"55":{"start":{"line":56,"column":0},"end":{"line":56,"column":108}},"56":{"start":{"line":57,"column":0},"end":{"line":57,"column":39}},"57":{"start":{"line":58,"column":0},"end":{"line":58,"column":48}},"58":{"start":{"line":59,"column":0},"end":{"line":59,"column":21}},"59":{"start":{"line":60,"column":0},"end":{"line":60,"column":28}},"60":{"start":{"line":61,"column":0},"end":{"line":61,"column":27}},"61":{"start":{"line":62,"column":0},"end":{"line":62,"column":8}},"62":{"start":{"line":63,"column":0},"end":{"line":63,"column":5}},"63":{"start":{"line":64,"column":0},"end":{"line":64,"column":48}},"64":{"start":{"line":65,"column":0},"end":{"line":65,"column":4}},"65":{"start":{"line":66,"column":0},"end":{"line":66,"column":1}},"67":{"start":{"line":68,"column":0},"end":{"line":68,"column":49}},"68":{"start":{"line":69,"column":0},"end":{"line":69,"column":39}},"69":{"start":{"line":70,"column":0},"end":{"line":70,"column":32}},"70":{"start":{"line":71,"column":0},"end":{"line":71,"column":23}},"71":{"start":{"line":72,"column":0},"end":{"line":72,"column":3}},"72":{"start":{"line":73,"column":0},"end":{"line":73,"column":1}},"74":{"start":{"line":75,"column":0},"end":{"line":75,"column":51}},"75":{"start":{"line":76,"column":0},"end":{"line":76,"column":39}},"76":{"start":{"line":77,"column":0},"end":{"line":77,"column":32}},"77":{"start":{"line":78,"column":0},"end":{"line":78,"column":24}},"78":{"start":{"line":79,"column":0},"end":{"line":79,"column":23}},"79":{"start":{"line":80,"column":0},"end":{"line":80,"column":3}},"80":{"start":{"line":81,"column":0},"end":{"line":81,"column":1}}},"s":{"0":1,"6":1,"8":1,"10":2,"11":2,"12":2,"13":2,"14":3,"15":3,"16":5,"17":5,"18":5,"19":3,"20":2,"21":2,"22":2,"24":1,"25":1,"26":3,"27":3,"28":3,"29":3,"30":3,"31":6,"32":3,"33":1,"35":2,"36":2,"37":2,"38":2,"39":2,"40":2,"41":2,"42":2,"44":1,"45":1,"46":1,"48":1,"49":3,"50":3,"51":3,"52":2,"53":2,"54":3,"55":3,"56":3,"57":3,"58":3,"59":0,"60":0,"61":0,"62":3,"63":3,"64":3,"65":3,"67":1,"68":1,"69":1,"70":1,"71":1,"72":1,"74":1,"75":1,"76":1,"77":1,"78":1,"79":1,"80":1},"branchMap":{"0":{"type":"branch","line":11,"loc":{"start":{"line":11,"column":0},"end":{"line":23,"column":1}},"locations":[{"start":{"line":11,"column":0},"end":{"line":23,"column":1}}]},"1":{"type":"branch","line":14,"loc":{"start":{"line":14,"column":4},"end":{"line":20,"column":6}},"locations":[{"start":{"line":14,"column":4},"end":{"line":20,"column":6}}]},"2":{"type":"branch","line":15,"loc":{"start":{"line":15,"column":29},"end":{"line":15,"column":48}},"locations":[{"start":{"line":15,"column":29},"end":{"line":15,"column":48}}]},"3":{"type":"branch","line":16,"loc":{"start":{"line":16,"column":13},"end":{"line":19,"column":8}},"locations":[{"start":{"line":16,"column":13},"end":{"line":19,"column":8}}]},"4":{"type":"branch","line":26,"loc":{"start":{"line":26,"column":2},"end":{"line":33,"column":4}},"locations":[{"start":{"line":26,"column":2},"end":{"line":33,"column":4}}]},"5":{"type":"branch","line":28,"loc":{"start":{"line":28,"column":27},"end":{"line":28,"column":94}},"locations":[{"start":{"line":28,"column":27},"end":{"line":28,"column":94}}]},"6":{"type":"branch","line":28,"loc":{"start":{"line":28,"column":56},"end":{"line":28,"column":93}},"locations":[{"start":{"line":28,"column":56},"end":{"line":28,"column":93}}]},"7":{"type":"branch","line":29,"loc":{"start":{"line":29,"column":11},"end":{"line":32,"column":8}},"locations":[{"start":{"line":29,"column":11},"end":{"line":32,"column":8}}]},"8":{"type":"branch","line":29,"loc":{"start":{"line":29,"column":51},"end":{"line":32,"column":6}},"locations":[{"start":{"line":29,"column":51},"end":{"line":32,"column":6}}]},"9":{"type":"branch","line":36,"loc":{"start":{"line":36,"column":0},"end":{"line":43,"column":1}},"locations":[{"start":{"line":36,"column":0},"end":{"line":43,"column":1}}]},"10":{"type":"branch","line":45,"loc":{"start":{"line":45,"column":0},"end":{"line":47,"column":1}},"locations":[{"start":{"line":45,"column":0},"end":{"line":47,"column":1}}]},"11":{"type":"branch","line":49,"loc":{"start":{"line":49,"column":7},"end":{"line":66,"column":1}},"locations":[{"start":{"line":49,"column":7},"end":{"line":66,"column":1}}]},"12":{"type":"branch","line":50,"loc":{"start":{"line":50,"column":24},"end":{"line":65,"column":3}},"locations":[{"start":{"line":50,"column":24},"end":{"line":65,"column":3}}]},"13":{"type":"branch","line":52,"loc":{"start":{"line":52,"column":34},"end":{"line":54,"column":5}},"locations":[{"start":{"line":52,"column":34},"end":{"line":54,"column":5}}]},"14":{"type":"branch","line":56,"loc":{"start":{"line":56,"column":16},"end":{"line":56,"column":108}},"locations":[{"start":{"line":56,"column":16},"end":{"line":56,"column":108}}]},"15":{"type":"branch","line":56,"loc":{"start":{"line":56,"column":70},"end":{"line":56,"column":108}},"locations":[{"start":{"line":56,"column":70},"end":{"line":56,"column":108}}]},"16":{"type":"branch","line":57,"loc":{"start":{"line":57,"column":13},"end":{"line":57,"column":39}},"locations":[{"start":{"line":57,"column":13},"end":{"line":57,"column":39}}]},"17":{"type":"branch","line":68,"loc":{"start":{"line":68,"column":7},"end":{"line":73,"column":1}},"locations":[{"start":{"line":68,"column":7},"end":{"line":73,"column":1}}]},"18":{"type":"branch","line":75,"loc":{"start":{"line":75,"column":7},"end":{"line":81,"column":1}},"locations":[{"start":{"line":75,"column":7},"end":{"line":81,"column":1}}]}},"b":{"0":[2],"1":[3],"2":[5],"3":[5],"4":[3],"5":[6],"6":[3],"7":[6],"8":[3],"9":[2],"10":[1],"11":[3],"12":[3],"13":[2],"14":[1],"15":[0],"16":[1],"17":[1],"18":[1]},"fnMap":{"0":{"name":"renderComponent","decl":{"start":{"line":11,"column":0},"end":{"line":23,"column":1}},"loc":{"start":{"line":11,"column":0},"end":{"line":23,"column":1}},"line":11},"1":{"name":"setup","decl":{"start":{"line":14,"column":4},"end":{"line":20,"column":6}},"loc":{"start":{"line":14,"column":4},"end":{"line":20,"column":6}},"line":14},"2":{"name":"setup","decl":{"start":{"line":26,"column":2},"end":{"line":33,"column":4}},"loc":{"start":{"line":26,"column":2},"end":{"line":33,"column":4}},"line":26},"3":{"name":"register","decl":{"start":{"line":36,"column":0},"end":{"line":43,"column":1}},"loc":{"start":{"line":36,"column":0},"end":{"line":43,"column":1}},"line":36},"4":{"name":"unregister","decl":{"start":{"line":45,"column":0},"end":{"line":47,"column":1}},"loc":{"start":{"line":45,"column":0},"end":{"line":47,"column":1}},"line":45},"5":{"name":"showModal","decl":{"start":{"line":49,"column":7},"end":{"line":66,"column":1}},"loc":{"start":{"line":49,"column":7},"end":{"line":66,"column":1}},"line":49},"6":{"name":"callback","decl":{"start":{"line":56,"column":16},"end":{"line":56,"column":108}},"loc":{"start":{"line":56,"column":16},"end":{"line":56,"column":108}},"line":56},"7":{"name":"close","decl":{"start":{"line":57,"column":13},"end":{"line":57,"column":39}},"loc":{"start":{"line":57,"column":13},"end":{"line":57,"column":39}},"line":57},"8":{"name":"onChange","decl":{"start":{"line":58,"column":16},"end":{"line":58,"column":48}},"loc":{"start":{"line":58,"column":16},"end":{"line":58,"column":48}},"line":58},"9":{"name":"remove","decl":{"start":{"line":59,"column":14},"end":{"line":62,"column":8}},"loc":{"start":{"line":59,"column":14},"end":{"line":62,"column":8}},"line":59},"10":{"name":"hideModal","decl":{"start":{"line":68,"column":7},"end":{"line":73,"column":1}},"loc":{"start":{"line":68,"column":7},"end":{"line":73,"column":1}},"line":68},"11":{"name":"removeModal","decl":{"start":{"line":75,"column":7},"end":{"line":81,"column":1}},"loc":{"start":{"line":75,"column":7},"end":{"line":81,"column":1}},"line":75}},"f":{"0":2,"1":3,"2":3,"3":2,"4":1,"5":3,"6":1,"7":1,"8":0,"9":0,"10":1,"11":1}}
,"/Users/brain/work/p-modal/src/index.ts": {"path":"/Users/brain/work/p-modal/src/index.ts","all":false,"statementMap":{"0":{"start":{"line":1,"column":0},"end":{"line":1,"column":22}}},"s":{"0":1},"branchMap":{},"b":{},"fnMap":{},"f":{}}
,"/Users/brain/work/p-modal/src/store.ts": {"path":"/Users/brain/work/p-modal/src/store.ts","all":false,"statementMap":{"0":{"start":{"line":1,"column":0},"end":{"line":1,"column":48}},"3":{"start":{"line":4,"column":0},"end":{"line":4,"column":45}},"5":{"start":{"line":6,"column":0},"end":{"line":6,"column":35}},"7":{"start":{"line":8,"column":0},"end":{"line":8,"column":44}},"9":{"start":{"line":10,"column":0},"end":{"line":10,"column":47}},"10":{"start":{"line":11,"column":0},"end":{"line":11,"column":19}},"11":{"start":{"line":12,"column":0},"end":{"line":12,"column":1}},"13":{"start":{"line":14,"column":0},"end":{"line":14,"column":59}},"14":{"start":{"line":15,"column":0},"end":{"line":15,"column":18}},"15":{"start":{"line":16,"column":0},"end":{"line":16,"column":15}},"16":{"start":{"line":17,"column":0},"end":{"line":17,"column":7}},"17":{"start":{"line":18,"column":0},"end":{"line":18,"column":10}},"18":{"start":{"line":19,"column":0},"end":{"line":19,"column":4}},"19":{"start":{"line":20,"column":0},"end":{"line":20,"column":1}},"21":{"start":{"line":22,"column":0},"end":{"line":22,"column":53}},"22":{"start":{"line":23,"column":0},"end":{"line":23,"column":18}},"23":{"start":{"line":24,"column":0},"end":{"line":24,"column":15}},"24":{"start":{"line":25,"column":0},"end":{"line":25,"column":9}},"25":{"start":{"line":26,"column":0},"end":{"line":26,"column":4}},"26":{"start":{"line":27,"column":0},"end":{"line":27,"column":1}},"28":{"start":{"line":29,"column":0},"end":{"line":29,"column":40}},"29":{"start":{"line":30,"column":0},"end":{"line":30,"column":18}},"30":{"start":{"line":31,"column":0},"end":{"line":31,"column":15}},"31":{"start":{"line":32,"column":0},"end":{"line":32,"column":16}},"32":{"start":{"line":33,"column":0},"end":{"line":33,"column":7}},"33":{"start":{"line":34,"column":0},"end":{"line":34,"column":4}},"34":{"start":{"line":35,"column":0},"end":{"line":35,"column":1}},"36":{"start":{"line":37,"column":0},"end":{"line":37,"column":41}},"37":{"start":{"line":38,"column":0},"end":{"line":38,"column":18}},"38":{"start":{"line":39,"column":0},"end":{"line":39,"column":20}},"39":{"start":{"line":40,"column":0},"end":{"line":40,"column":4}},"40":{"start":{"line":41,"column":0},"end":{"line":41,"column":1}}},"s":{"0":1,"3":1,"5":1,"7":1,"9":1,"10":5,"11":5,"13":1,"14":3,"15":3,"16":3,"17":3,"18":3,"19":3,"21":1,"22":0,"23":0,"24":0,"25":0,"26":0,"28":1,"29":2,"30":2,"31":2,"32":2,"33":2,"34":2,"36":1,"37":1,"38":1,"39":1,"40":1},"branchMap":{"0":{"type":"branch","line":6,"loc":{"start":{"line":6,"column":24},"end":{"line":6,"column":35}},"locations":[{"start":{"line":6,"column":24},"end":{"line":6,"column":35}}]},"1":{"type":"branch","line":8,"loc":{"start":{"line":8,"column":19},"end":{"line":8,"column":44}},"locations":[{"start":{"line":8,"column":19},"end":{"line":8,"column":44}}]},"2":{"type":"branch","line":10,"loc":{"start":{"line":10,"column":7},"end":{"line":12,"column":1}},"locations":[{"start":{"line":10,"column":7},"end":{"line":12,"column":1}}]},"3":{"type":"branch","line":14,"loc":{"start":{"line":14,"column":7},"end":{"line":20,"column":1}},"locations":[{"start":{"line":14,"column":7},"end":{"line":20,"column":1}}]},"4":{"type":"branch","line":29,"loc":{"start":{"line":29,"column":7},"end":{"line":35,"column":1}},"locations":[{"start":{"line":29,"column":7},"end":{"line":35,"column":1}}]},"5":{"type":"branch","line":37,"loc":{"start":{"line":37,"column":7},"end":{"line":41,"column":1}},"locations":[{"start":{"line":37,"column":7},"end":{"line":41,"column":1}}]},"6":{"type":"branch","line":38,"loc":{"start":{"line":38,"column":11},"end":{"line":40,"column":3}},"locations":[{"start":{"line":38,"column":11},"end":{"line":40,"column":3}}]}},"b":{"0":[3],"1":[7],"2":[5],"3":[3],"4":[2],"5":[1],"6":[1]},"fnMap":{"0":{"name":"getStore","decl":{"start":{"line":6,"column":24},"end":{"line":6,"column":35}},"loc":{"start":{"line":6,"column":24},"end":{"line":6,"column":35}},"line":6},"1":{"name":"get","decl":{"start":{"line":8,"column":19},"end":{"line":8,"column":44}},"loc":{"start":{"line":8,"column":19},"end":{"line":8,"column":44}},"line":8},"2":{"name":"set","decl":{"start":{"line":10,"column":7},"end":{"line":12,"column":1}},"loc":{"start":{"line":10,"column":7},"end":{"line":12,"column":1}},"line":10},"3":{"name":"openModal","decl":{"start":{"line":14,"column":7},"end":{"line":20,"column":1}},"loc":{"start":{"line":14,"column":7},"end":{"line":20,"column":1}},"line":14},"4":{"name":"setModal","decl":{"start":{"line":22,"column":7},"end":{"line":27,"column":1}},"loc":{"start":{"line":22,"column":7},"end":{"line":27,"column":1}},"line":22},"5":{"name":"closeModal","decl":{"start":{"line":29,"column":7},"end":{"line":35,"column":1}},"loc":{"start":{"line":29,"column":7},"end":{"line":35,"column":1}},"line":29},"6":{"name":"deleteModal","decl":{"start":{"line":37,"column":7},"end":{"line":41,"column":1}},"loc":{"start":{"line":37,"column":7},"end":{"line":41,"column":1}},"line":37}},"f":{"0":3,"1":7,"2":5,"3":3,"4":0,"5":2,"6":1}}
,"/Users/brain/work/p-modal/src/types.ts": {"path":"/Users/brain/work/p-modal/src/types.ts","all":true,"statementMap":{},"s":{},"branchMap":{"0":{"type":"branch","line":1,"loc":{"start":{"line":1,"column":318},"end":{"line":15,"column":1}},"locations":[{"start":{"line":1,"column":318},"end":{"line":15,"column":1}}]}},"b":{"0":[1]},"fnMap":{"0":{"name":"(empty-report)","decl":{"start":{"line":1,"column":318},"end":{"line":15,"column":1}},"loc":{"start":{"line":1,"column":318},"end":{"line":15,"column":1}},"line":1}},"f":{"0":1}}
,"/Users/brain/work/p-modal/src/utils.ts": {"path":"/Users/brain/work/p-modal/src/utils.ts","all":false,"statementMap":{"2":{"start":{"line":3,"column":0},"end":{"line":3,"column":16}},"3":{"start":{"line":4,"column":0},"end":{"line":4,"column":49}},"4":{"start":{"line":5,"column":0},"end":{"line":5,"column":35}},"7":{"start":{"line":8,"column":0},"end":{"line":8,"column":59}},"8":{"start":{"line":9,"column":0},"end":{"line":9,"column":26}},"9":{"start":{"line":10,"column":0},"end":{"line":10,"column":36}},"10":{"start":{"line":11,"column":0},"end":{"line":11,"column":3}},"11":{"start":{"line":12,"column":0},"end":{"line":12,"column":26}},"12":{"start":{"line":13,"column":0},"end":{"line":13,"column":1}}},"s":{"2":1,"3":1,"4":1,"7":1,"8":7,"9":1,"10":1,"11":7,"12":7},"branchMap":{"0":{"type":"branch","line":4,"loc":{"start":{"line":4,"column":20},"end":{"line":4,"column":49}},"locations":[{"start":{"line":4,"column":20},"end":{"line":4,"column":49}}]},"1":{"type":"branch","line":8,"loc":{"start":{"line":8,"column":7},"end":{"line":13,"column":1}},"locations":[{"start":{"line":8,"column":7},"end":{"line":13,"column":1}}]},"2":{"type":"branch","line":9,"loc":{"start":{"line":9,"column":25},"end":{"line":11,"column":3}},"locations":[{"start":{"line":9,"column":25},"end":{"line":11,"column":3}}]}},"b":{"0":[1],"1":[7],"2":[1]},"fnMap":{"0":{"name":"getUniqueID","decl":{"start":{"line":4,"column":20},"end":{"line":4,"column":49}},"loc":{"start":{"line":4,"column":20},"end":{"line":4,"column":49}},"line":4},"1":{"name":"getModalID","decl":{"start":{"line":8,"column":7},"end":{"line":13,"column":1}},"loc":{"start":{"line":8,"column":7},"end":{"line":13,"column":1}},"line":8}},"f":{"0":1,"1":7}}
}
